Determining if the pthread_create exist failed with the following output:
Change Dir: /home/henryzh47/Projects/utils/pcd_viewer/build/CMakeFiles/CMakeTmp

Run Build Command:"/usr/bin/make" "cmTC_bdaab/fast"
/usr/bin/make -f CMakeFiles/cmTC_bdaab.dir/build.make CMakeFiles/cmTC_bdaab.dir/build
make[1]: Entering directory '/home/henryzh47/Projects/utils/pcd_viewer/build/CMakeFiles/CMakeTmp'
Building C object CMakeFiles/cmTC_bdaab.dir/CheckSymbolExists.c.o
/usr/bin/cc    -o CMakeFiles/cmTC_bdaab.dir/CheckSymbolExists.c.o   -c /home/henryzh47/Projects/utils/pcd_viewer/build/CMakeFiles/CMakeTmp/CheckSymbolExists.c
Linking C executable cmTC_bdaab
/usr/bin/cmake -E cmake_link_script CMakeFiles/cmTC_bdaab.dir/link.txt --verbose=1
/usr/bin/cc      -rdynamic CMakeFiles/cmTC_bdaab.dir/CheckSymbolExists.c.o  -o cmTC_bdaab 
CMakeFiles/cmTC_bdaab.dir/CheckSymbolExists.c.o: In function `main':
CheckSymbolExists.c:(.text+0x1b): undefined reference to `pthread_create'
collect2: error: ld returned 1 exit status
CMakeFiles/cmTC_bdaab.dir/build.make:97: recipe for target 'cmTC_bdaab' failed
make[1]: *** [cmTC_bdaab] Error 1
make[1]: Leaving directory '/home/henryzh47/Projects/utils/pcd_viewer/build/CMakeFiles/CMakeTmp'
Makefile:126: recipe for target 'cmTC_bdaab/fast' failed
make: *** [cmTC_bdaab/fast] Error 2

File /home/henryzh47/Projects/utils/pcd_viewer/build/CMakeFiles/CMakeTmp/CheckSymbolExists.c:
/* */
#include <pthread.h>

int main(int argc, char** argv)
{
  (void)argv;
#ifndef pthread_create
  return ((int*)(&pthread_create))[argc];
#else
  (void)argc;
  return 0;
#endif
}

Determining if the function pthread_create exists in the pthreads failed with the following output:
Change Dir: /home/henryzh47/Projects/utils/pcd_viewer/build/CMakeFiles/CMakeTmp

Run Build Command:"/usr/bin/make" "cmTC_ac962/fast"
/usr/bin/make -f CMakeFiles/cmTC_ac962.dir/build.make CMakeFiles/cmTC_ac962.dir/build
make[1]: Entering directory '/home/henryzh47/Projects/utils/pcd_viewer/build/CMakeFiles/CMakeTmp'
Building C object CMakeFiles/cmTC_ac962.dir/CheckFunctionExists.c.o
/usr/bin/cc   -DCHECK_FUNCTION_EXISTS=pthread_create   -o CMakeFiles/cmTC_ac962.dir/CheckFunctionExists.c.o   -c /usr/share/cmake-3.10/Modules/CheckFunctionExists.c
Linking C executable cmTC_ac962
/usr/bin/cmake -E cmake_link_script CMakeFiles/cmTC_ac962.dir/link.txt --verbose=1
/usr/bin/cc  -DCHECK_FUNCTION_EXISTS=pthread_create    -rdynamic CMakeFiles/cmTC_ac962.dir/CheckFunctionExists.c.o  -o cmTC_ac962 -lpthreads 
/usr/bin/ld: cannot find -lpthreads
collect2: error: ld returned 1 exit status
CMakeFiles/cmTC_ac962.dir/build.make:97: recipe for target 'cmTC_ac962' failed
make[1]: *** [cmTC_ac962] Error 1
make[1]: Leaving directory '/home/henryzh47/Projects/utils/pcd_viewer/build/CMakeFiles/CMakeTmp'
Makefile:126: recipe for target 'cmTC_ac962/fast' failed
make: *** [cmTC_ac962/fast] Error 2


